<?xml version="1.0" encoding="UTF-8"?>
<!-- Generated by org.testng.reporters.JUnitXMLReporter -->
<testsuite ignored="1" hostname="DESKTOP-D1LVJ0N" failures="2" tests="12" name="Personal Loan" time="0.261" errors="0" timestamp="2023-03-30T13:25:47 IST">
  <testcase classname="Test.Day1" name="Demo" time="0.01"/>
  <testcase classname="Test.Day1" name="Demo1" time="0.01">
    <failure type="java.lang.AssertionError" message="expected [true] but found [false]">
      <![CDATA[java.lang.AssertionError: expected [true] but found [false]
at Test.Day1.Demo1(Day1.java:22)
at java.base/java.util.ArrayList.forEach(ArrayList.java:1511)
... Removed 31 stack frames]]>
    </failure>
  </testcase> <!-- Demo1 -->
  <testcase classname="Test.Day2" name="Demo2" time="0.002"/>
  <testcase classname="Test.Day3" name="MobileSigninCarLoan" time="0.003"/>
  <testcase classname="Test.Day3" name="MobileSignoutCarLoan" time="0.008"/>
  <testcase classname="Test.Day3" name="MobileSignoutCarLoan" time="0.009"/>
  <testcase classname="Test.Day3" name="MobileSignoutCarLoan" time="0.004"/>
  <testcase classname="Test.Day3" name="WebLoginCarLoan" time="0.005"/>
  <testcase classname="Test.Day3" name="MobileLoginCarLoan" time="0.003"/>
  <testcase classname="Test.Day3" name="APICarLoan" time="0.003"/>
  <testcase classname="Test.Day4" name="APIHomeLoan" time="0.005"/>
  <testcase classname="Test.Day4" name="WebLoginHomeLoan" time="0.0">
    <failure type="org.testng.TestNGException" message="
Parameter &amp;apos;URL&amp;apos; is required by @Test on method WebLoginHomeLoan but has not been marked @Optional or defined
in G:\Udemy_Selenium_Workspace\TestNGTutorial\testng2.xml">
      <![CDATA[org.testng.TestNGException: 
Parameter 'URL' is required by @Test on method WebLoginHomeLoan but has not been marked @Optional or defined
in G:\Udemy_Selenium_Workspace\TestNGTutorial\testng2.xml
at java.base/java.util.ArrayList.forEach(ArrayList.java:1511)
... Removed 26 stack frames]]>
    </failure>
  </testcase> <!-- WebLoginHomeLoan -->
  <testcase classname="Test.Day4" name="MobileLoginHomeLoan" time="0.0">
    <ignored/>
  </testcase> <!-- MobileLoginHomeLoan -->
</testsuite> <!-- Personal Loan -->
