<?xml version="1.0" encoding="UTF-8"?>
<testng-results ignored="1" total="13" passed="10" failed="2" skipped="0">
  <reporter-output>
  </reporter-output>
  <suite started-at="2023-03-30T13:25:46 IST" name="Loan Department" finished-at="2023-03-30T13:25:47 IST" duration-ms="261">
    <groups>
      <group name="Smoke">
        <method signature="Day3.MobileSigninCarLoan()[pri:0, instance:Test.Day3@67c33749]" name="MobileSigninCarLoan" class="Test.Day3"/>
        <method signature="Day4.APIHomeLoan()[pri:0, instance:Test.Day4@fba92d3]" name="APIHomeLoan" class="Test.Day4"/>
        <method signature="Day1.Demo()[pri:0, instance:Test.Day1@4a7f959b]" name="Demo" class="Test.Day1"/>
      </group> <!-- Smoke -->
    </groups>
    <test started-at="2023-03-30T13:25:46 IST" name="Personal Loan" finished-at="2023-03-30T13:25:47 IST" duration-ms="261">
      <class name="Test.Day2">
        <test-method signature="Demo2()[pri:0, instance:Test.Day2@581ac8a8]" started-at="2023-03-30T13:25:47 IST" name="Demo2" finished-at="2023-03-30T13:25:47 IST" duration-ms="2" status="PASS">
          <reporter-output>
          </reporter-output>
        </test-method> <!-- Demo2 -->
        <test-method is-config="true" signature="AfSuite()[pri:0, instance:Test.Day2@581ac8a8]" started-at="2023-03-30T13:25:47 IST" name="AfSuite" finished-at="2023-03-30T13:25:47 IST" duration-ms="4" status="PASS">
          <reporter-output>
          </reporter-output>
        </test-method> <!-- AfSuite -->
      </class> <!-- Test.Day2 -->
      <class name="Test.Day3">
        <test-method is-config="true" signature="BFClass()[pri:0, instance:Test.Day3@67c33749]" started-at="2023-03-30T13:25:47 IST" name="BFClass" finished-at="2023-03-30T13:25:47 IST" duration-ms="0" status="PASS">
          <reporter-output>
          </reporter-output>
        </test-method> <!-- BFClass -->
        <test-method is-config="true" signature="BeMethod()[pri:0, instance:Test.Day3@67c33749]" started-at="2023-03-30T13:25:47 IST" name="BeMethod" finished-at="2023-03-30T13:25:47 IST" duration-ms="2" status="PASS">
          <reporter-output>
          </reporter-output>
        </test-method> <!-- BeMethod -->
        <test-method signature="MobileSigninCarLoan()[pri:0, instance:Test.Day3@67c33749]" started-at="2023-03-30T13:25:47 IST" name="MobileSigninCarLoan" finished-at="2023-03-30T13:25:47 IST" duration-ms="3" status="PASS">
          <reporter-output>
          </reporter-output>
        </test-method> <!-- MobileSigninCarLoan -->
        <test-method is-config="true" signature="AfeMethod()[pri:0, instance:Test.Day3@67c33749]" started-at="2023-03-30T13:25:47 IST" name="AfeMethod" finished-at="2023-03-30T13:25:47 IST" duration-ms="3" status="PASS">
          <reporter-output>
          </reporter-output>
        </test-method> <!-- AfeMethod -->
        <test-method is-config="true" signature="BeMethod()[pri:0, instance:Test.Day3@67c33749]" started-at="2023-03-30T13:25:47 IST" name="BeMethod" finished-at="2023-03-30T13:25:47 IST" duration-ms="1" status="PASS">
          <reporter-output>
          </reporter-output>
        </test-method> <!-- BeMethod -->
        <test-method signature="MobileSignoutCarLoan(java.lang.String,java.lang.String)[pri:0, instance:Test.Day3@67c33749]" started-at="2023-03-30T13:25:47 IST" name="MobileSignoutCarLoan" data-provider="getData" finished-at="2023-03-30T13:25:47 IST" duration-ms="8" status="PASS">
          <params>
            <param index="0">
              <value>
                <![CDATA[First Username]]>
              </value>
            </param>
            <param index="1">
              <value>
                <![CDATA[First Password]]>
              </value>
            </param>
          </params>
          <reporter-output>
          </reporter-output>
        </test-method> <!-- MobileSignoutCarLoan -->
        <test-method is-config="true" signature="AfeMethod()[pri:0, instance:Test.Day3@67c33749]" started-at="2023-03-30T13:25:47 IST" name="AfeMethod" finished-at="2023-03-30T13:25:47 IST" duration-ms="1" status="PASS">
          <reporter-output>
          </reporter-output>
        </test-method> <!-- AfeMethod -->
        <test-method is-config="true" signature="BeMethod()[pri:0, instance:Test.Day3@67c33749]" started-at="2023-03-30T13:25:47 IST" name="BeMethod" finished-at="2023-03-30T13:25:47 IST" duration-ms="2" status="PASS">
          <reporter-output>
          </reporter-output>
        </test-method> <!-- BeMethod -->
        <test-method signature="MobileSignoutCarLoan(java.lang.String,java.lang.String)[pri:0, instance:Test.Day3@67c33749]" started-at="2023-03-30T13:25:47 IST" name="MobileSignoutCarLoan" data-provider="getData" finished-at="2023-03-30T13:25:47 IST" duration-ms="9" status="PASS">
          <params>
            <param index="0">
              <value>
                <![CDATA[Second Username]]>
              </value>
            </param>
            <param index="1">
              <value>
                <![CDATA[Second Password]]>
              </value>
            </param>
          </params>
          <reporter-output>
          </reporter-output>
        </test-method> <!-- MobileSignoutCarLoan -->
        <test-method is-config="true" signature="AfeMethod()[pri:0, instance:Test.Day3@67c33749]" started-at="2023-03-30T13:25:47 IST" name="AfeMethod" finished-at="2023-03-30T13:25:47 IST" duration-ms="0" status="PASS">
          <reporter-output>
          </reporter-output>
        </test-method> <!-- AfeMethod -->
        <test-method is-config="true" signature="BeMethod()[pri:0, instance:Test.Day3@67c33749]" started-at="2023-03-30T13:25:47 IST" name="BeMethod" finished-at="2023-03-30T13:25:47 IST" duration-ms="3" status="PASS">
          <reporter-output>
          </reporter-output>
        </test-method> <!-- BeMethod -->
        <test-method signature="MobileSignoutCarLoan(java.lang.String,java.lang.String)[pri:0, instance:Test.Day3@67c33749]" started-at="2023-03-30T13:25:47 IST" name="MobileSignoutCarLoan" data-provider="getData" finished-at="2023-03-30T13:25:47 IST" duration-ms="4" status="PASS">
          <params>
            <param index="0">
              <value>
                <![CDATA[Third Username]]>
              </value>
            </param>
            <param index="1">
              <value>
                <![CDATA[Third Password]]>
              </value>
            </param>
          </params>
          <reporter-output>
          </reporter-output>
        </test-method> <!-- MobileSignoutCarLoan -->
        <test-method is-config="true" signature="AfeMethod()[pri:0, instance:Test.Day3@67c33749]" started-at="2023-03-30T13:25:47 IST" name="AfeMethod" finished-at="2023-03-30T13:25:47 IST" duration-ms="3" status="PASS">
          <reporter-output>
          </reporter-output>
        </test-method> <!-- AfeMethod -->
        <test-method is-config="true" signature="BeMethod()[pri:0, instance:Test.Day3@67c33749]" started-at="2023-03-30T13:25:47 IST" name="BeMethod" finished-at="2023-03-30T13:25:47 IST" duration-ms="7" status="PASS">
          <reporter-output>
          </reporter-output>
        </test-method> <!-- BeMethod -->
        <test-method signature="WebLoginCarLoan()[pri:0, instance:Test.Day3@67c33749]" started-at="2023-03-30T13:25:47 IST" name="WebLoginCarLoan" finished-at="2023-03-30T13:25:47 IST" duration-ms="5" status="PASS">
          <reporter-output>
          </reporter-output>
        </test-method> <!-- WebLoginCarLoan -->
        <test-method is-config="true" signature="AfeMethod()[pri:0, instance:Test.Day3@67c33749]" started-at="2023-03-30T13:25:47 IST" name="AfeMethod" finished-at="2023-03-30T13:25:47 IST" duration-ms="3" status="PASS">
          <reporter-output>
          </reporter-output>
        </test-method> <!-- AfeMethod -->
        <test-method is-config="true" signature="BeMethod()[pri:0, instance:Test.Day3@67c33749]" started-at="2023-03-30T13:25:47 IST" name="BeMethod" finished-at="2023-03-30T13:25:47 IST" duration-ms="3" status="PASS">
          <reporter-output>
          </reporter-output>
        </test-method> <!-- BeMethod -->
        <test-method signature="MobileLoginCarLoan()[pri:0, instance:Test.Day3@67c33749]" started-at="2023-03-30T13:25:47 IST" name="MobileLoginCarLoan" finished-at="2023-03-30T13:25:47 IST" duration-ms="3" status="PASS">
          <reporter-output>
          </reporter-output>
        </test-method> <!-- MobileLoginCarLoan -->
        <test-method is-config="true" signature="AfeMethod()[pri:0, instance:Test.Day3@67c33749]" started-at="2023-03-30T13:25:47 IST" name="AfeMethod" finished-at="2023-03-30T13:25:47 IST" duration-ms="2" status="PASS">
          <reporter-output>
          </reporter-output>
        </test-method> <!-- AfeMethod -->
        <test-method is-config="true" signature="BeMethod()[pri:0, instance:Test.Day3@67c33749]" started-at="2023-03-30T13:25:47 IST" name="BeMethod" finished-at="2023-03-30T13:25:47 IST" duration-ms="1" status="PASS">
          <reporter-output>
          </reporter-output>
        </test-method> <!-- BeMethod -->
        <test-method signature="APICarLoan()[pri:0, instance:Test.Day3@67c33749]" started-at="2023-03-30T13:25:47 IST" name="APICarLoan" finished-at="2023-03-30T13:25:47 IST" depends-on-methods="Test.Day3.WebLoginCarLoan, Test.Day3.MobileSignoutCarLoan" duration-ms="3" status="PASS">
          <reporter-output>
          </reporter-output>
        </test-method> <!-- APICarLoan -->
        <test-method is-config="true" signature="AfeMethod()[pri:0, instance:Test.Day3@67c33749]" started-at="2023-03-30T13:25:47 IST" name="AfeMethod" finished-at="2023-03-30T13:25:47 IST" duration-ms="1" status="PASS">
          <reporter-output>
          </reporter-output>
        </test-method> <!-- AfeMethod -->
        <test-method is-config="true" signature="AfClass()[pri:0, instance:Test.Day3@67c33749]" started-at="2023-03-30T13:25:47 IST" name="AfClass" finished-at="2023-03-30T13:25:47 IST" duration-ms="1" status="PASS">
          <reporter-output>
          </reporter-output>
        </test-method> <!-- AfClass -->
      </class> <!-- Test.Day3 -->
      <class name="Test.Day1">
        <test-method is-config="true" signature="BfSuite()[pri:0, instance:Test.Day1@4a7f959b]" started-at="2023-03-30T13:25:46 IST" name="BfSuite" finished-at="2023-03-30T13:25:46 IST" duration-ms="16" status="PASS">
          <reporter-output>
          </reporter-output>
        </test-method> <!-- BfSuite -->
        <test-method signature="Demo()[pri:0, instance:Test.Day1@4a7f959b]" started-at="2023-03-30T13:25:47 IST" name="Demo" finished-at="2023-03-30T13:25:47 IST" duration-ms="10" status="PASS">
          <reporter-output>
          </reporter-output>
        </test-method> <!-- Demo -->
        <test-method signature="Demo1()[pri:0, instance:Test.Day1@4a7f959b]" started-at="2023-03-30T13:25:47 IST" name="Demo1" finished-at="2023-03-30T13:25:47 IST" duration-ms="10" status="FAIL">
          <exception class="java.lang.AssertionError">
            <message>
              <![CDATA[expected [true] but found [false]]]>
            </message>
            <full-stacktrace>
              <![CDATA[java.lang.AssertionError: expected [true] but found [false]
at org.testng.Assert.fail(Assert.java:99)
at org.testng.Assert.failNotEquals(Assert.java:1037)
at org.testng.Assert.assertTrue(Assert.java:45)
at org.testng.Assert.assertTrue(Assert.java:55)
at Test.Day1.Demo1(Day1.java:22)
at java.base/jdk.internal.reflect.NativeMethodAccessorImpl.invoke0(Native Method)
at java.base/jdk.internal.reflect.NativeMethodAccessorImpl.invoke(NativeMethodAccessorImpl.java:77)
at java.base/jdk.internal.reflect.DelegatingMethodAccessorImpl.invoke(DelegatingMethodAccessorImpl.java:43)
at java.base/java.lang.reflect.Method.invoke(Method.java:568)
at org.testng.internal.MethodInvocationHelper.invokeMethod(MethodInvocationHelper.java:133)
at org.testng.internal.TestInvoker.invokeMethod(TestInvoker.java:598)
at org.testng.internal.TestInvoker.invokeTestMethod(TestInvoker.java:173)
at org.testng.internal.MethodRunner.runInSequence(MethodRunner.java:46)
at org.testng.internal.TestInvoker$MethodInvocationAgent.invoke(TestInvoker.java:824)
at org.testng.internal.TestInvoker.invokeTestMethods(TestInvoker.java:146)
at org.testng.internal.TestMethodWorker.invokeTestMethods(TestMethodWorker.java:146)
at org.testng.internal.TestMethodWorker.run(TestMethodWorker.java:128)
at java.base/java.util.ArrayList.forEach(ArrayList.java:1511)
at org.testng.TestRunner.privateRun(TestRunner.java:794)
at org.testng.TestRunner.run(TestRunner.java:596)
at org.testng.SuiteRunner.runTest(SuiteRunner.java:377)
at org.testng.SuiteRunner.runSequentially(SuiteRunner.java:371)
at org.testng.SuiteRunner.privateRun(SuiteRunner.java:332)
at org.testng.SuiteRunner.run(SuiteRunner.java:276)
at org.testng.SuiteRunnerWorker.runSuite(SuiteRunnerWorker.java:53)
at org.testng.SuiteRunnerWorker.run(SuiteRunnerWorker.java:96)
at org.testng.TestNG.runSuitesSequentially(TestNG.java:1212)
at org.testng.TestNG.runSuitesLocally(TestNG.java:1134)
at org.testng.TestNG.runSuites(TestNG.java:1063)
at org.testng.TestNG.run(TestNG.java:1031)
at org.testng.remote.AbstractRemoteTestNG.run(AbstractRemoteTestNG.java:115)
at org.testng.remote.RemoteTestNG.initAndRun(RemoteTestNG.java:251)
at org.testng.remote.RemoteTestNG.main(RemoteTestNG.java:77)
]]>
            </full-stacktrace>
          </exception> <!-- java.lang.AssertionError -->
          <reporter-output>
          </reporter-output>
        </test-method> <!-- Demo1 -->
      </class> <!-- Test.Day1 -->
      <class name="Test.Day4">
        <test-method is-config="true" signature="prerequisite()[pri:0, instance:Test.Day4@fba92d3]" started-at="2023-03-30T13:25:47 IST" name="prerequisite" finished-at="2023-03-30T13:25:47 IST" duration-ms="1" status="PASS">
          <reporter-output>
          </reporter-output>
        </test-method> <!-- prerequisite -->
        <test-method signature="APIHomeLoan()[pri:0, instance:Test.Day4@fba92d3]" started-at="2023-03-30T13:25:47 IST" name="APIHomeLoan" finished-at="2023-03-30T13:25:47 IST" duration-ms="5" status="PASS">
          <reporter-output>
          </reporter-output>
        </test-method> <!-- APIHomeLoan -->
        <test-method signature="WebLoginHomeLoan(java.lang.String)[pri:0, instance:Test.Day4@fba92d3]" started-at="2023-03-30T13:25:47 IST" name="WebLoginHomeLoan" finished-at="2023-03-30T13:25:47 IST" duration-ms="0" status="FAIL">
          <exception class="org.testng.TestNGException">
            <message>
              <![CDATA[
Parameter 'URL' is required by @Test on method WebLoginHomeLoan but has not been marked @Optional or defined
in G:\Udemy_Selenium_Workspace\TestNGTutorial\testng2.xml]]>
            </message>
            <full-stacktrace>
              <![CDATA[org.testng.TestNGException: 
Parameter 'URL' is required by @Test on method WebLoginHomeLoan but has not been marked @Optional or defined
in G:\Udemy_Selenium_Workspace\TestNGTutorial\testng2.xml
at org.testng.internal.Parameters.createParams(Parameters.java:270)
at org.testng.internal.Parameters.createParametersForMethod(Parameters.java:358)
at org.testng.internal.Parameters.createParameters(Parameters.java:700)
at org.testng.internal.Parameters.handleParameters(Parameters.java:884)
at org.testng.internal.Parameters.handleParameters(Parameters.java:740)
at org.testng.internal.ParameterHandler.handleParameters(ParameterHandler.java:59)
at org.testng.internal.ParameterHandler.createParameters(ParameterHandler.java:38)
at org.testng.internal.TestInvoker$MethodInvocationAgent.invoke(TestInvoker.java:791)
at org.testng.internal.TestInvoker.invokeTestMethods(TestInvoker.java:146)
at org.testng.internal.TestMethodWorker.invokeTestMethods(TestMethodWorker.java:146)
at org.testng.internal.TestMethodWorker.run(TestMethodWorker.java:128)
at java.base/java.util.ArrayList.forEach(ArrayList.java:1511)
at org.testng.TestRunner.privateRun(TestRunner.java:794)
at org.testng.TestRunner.run(TestRunner.java:596)
at org.testng.SuiteRunner.runTest(SuiteRunner.java:377)
at org.testng.SuiteRunner.runSequentially(SuiteRunner.java:371)
at org.testng.SuiteRunner.privateRun(SuiteRunner.java:332)
at org.testng.SuiteRunner.run(SuiteRunner.java:276)
at org.testng.SuiteRunnerWorker.runSuite(SuiteRunnerWorker.java:53)
at org.testng.SuiteRunnerWorker.run(SuiteRunnerWorker.java:96)
at org.testng.TestNG.runSuitesSequentially(TestNG.java:1212)
at org.testng.TestNG.runSuitesLocally(TestNG.java:1134)
at org.testng.TestNG.runSuites(TestNG.java:1063)
at org.testng.TestNG.run(TestNG.java:1031)
at org.testng.remote.AbstractRemoteTestNG.run(AbstractRemoteTestNG.java:115)
at org.testng.remote.RemoteTestNG.initAndRun(RemoteTestNG.java:251)
at org.testng.remote.RemoteTestNG.main(RemoteTestNG.java:77)
]]>
            </full-stacktrace>
          </exception> <!-- org.testng.TestNGException -->
          <reporter-output>
          </reporter-output>
        </test-method> <!-- WebLoginHomeLoan -->
        <test-method is-config="true" signature="LastExecution()[pri:0, instance:Test.Day4@fba92d3]" started-at="2023-03-30T13:25:47 IST" name="LastExecution" finished-at="2023-03-30T13:25:47 IST" duration-ms="1" status="PASS">
          <reporter-output>
          </reporter-output>
        </test-method> <!-- LastExecution -->
      </class> <!-- Test.Day4 -->
    </test> <!-- Personal Loan -->
  </suite> <!-- Loan Department -->
</testng-results>
